2025-04-18 00:43:56.582  INFO 31024 --- [main] o.a.o.OShiMonitorAppApplication          : Starting OShiMonitorAppApplication using Java 17.0.10 on PonyWhite with PID 31024 (D:\JAVA\oshi-monitor-app\target\classes started by Pony White in D:\JAVA\oshi-monitor-app)
2025-04-18 00:43:56.590  INFO 31024 --- [main] o.a.o.OShiMonitorAppApplication          : No active profile set, falling back to 1 default profile: "default"
2025-04-18 00:43:57.297  INFO 31024 --- [main] o.s.b.w.embedded.tomcat.TomcatWebServer  : Tomcat initialized with port(s): 9090 (http)
2025-04-18 00:43:57.306  INFO 31024 --- [main] o.apache.catalina.core.StandardService   : Starting service [Tomcat]
2025-04-18 00:43:57.307  INFO 31024 --- [main] org.apache.catalina.core.StandardEngine  : Starting Servlet engine: [Apache Tomcat/9.0.83]
2025-04-18 00:43:57.390  INFO 31024 --- [main] o.a.c.c.C.[Tomcat].[localhost].[/]       : Initializing Spring embedded WebApplicationContext
2025-04-18 00:43:57.391  INFO 31024 --- [main] w.s.c.ServletWebServerApplicationContext : Root WebApplicationContext: initialization completed in 749 ms
2025-04-18 00:43:57.914  INFO 31024 --- [main] o.s.b.w.embedded.tomcat.TomcatWebServer  : Tomcat started on port(s): 9090 (http) with context path ''
2025-04-18 00:43:57.931  INFO 31024 --- [main] o.a.o.OShiMonitorAppApplication          : Started OShiMonitorAppApplication in 1.669 seconds (JVM running for 2.37)
2025-04-18 00:44:01.923  INFO 31024 --- [pool-3-thread-1] o.a.o.service.alert.CpuAlertService      : 当前 CPU 正常，使用率：24.33%
2025-04-18 00:44:05.963  INFO 31024 --- [pool-3-thread-1] o.a.o.service.alert.CpuAlertService      : 当前 CPU 正常，使用率：4.29%
2025-04-18 00:44:10.011  INFO 31024 --- [pool-3-thread-1] o.a.o.service.alert.CpuAlertService      : 当前 CPU 正常，使用率：7.70%
2025-04-18 00:44:14.052  INFO 31024 --- [pool-3-thread-1] o.a.o.service.alert.CpuAlertService      : 当前 CPU 正常，使用率：19.55%
2025-04-18 00:44:18.088  INFO 31024 --- [pool-3-thread-1] o.a.o.service.alert.CpuAlertService      : 当前 CPU 正常，使用率：6.81%
2025-04-18 00:44:22.138  INFO 31024 --- [pool-3-thread-1] o.a.o.service.alert.CpuAlertService      : 当前 CPU 正常，使用率：4.00%
2025-04-18 00:44:26.184  INFO 31024 --- [pool-3-thread-1] o.a.o.service.alert.CpuAlertService      : 当前 CPU 正常，使用率：6.64%
2025-04-18 00:44:30.242  INFO 31024 --- [pool-3-thread-1] o.a.o.service.alert.CpuAlertService      : 当前 CPU 正常，使用率：5.27%
2025-04-18 00:44:34.280  INFO 31024 --- [pool-3-thread-1] o.a.o.service.alert.CpuAlertService      : 当前 CPU 正常，使用率：7.02%
2025-04-18 00:44:38.324  INFO 31024 --- [pool-3-thread-1] o.a.o.service.alert.CpuAlertService      : 当前 CPU 正常，使用率：4.29%
2025-04-18 00:44:42.366  INFO 31024 --- [pool-3-thread-1] o.a.o.service.alert.CpuAlertService      : 当前 CPU 正常，使用率：4.94%
2025-04-18 00:44:46.429  INFO 31024 --- [pool-3-thread-1] o.a.o.service.alert.CpuAlertService      : 当前 CPU 正常，使用率：4.01%
2025-04-18 00:44:50.479  INFO 31024 --- [pool-3-thread-1] o.a.o.service.alert.CpuAlertService      : 当前 CPU 正常，使用率：8.18%
2025-04-18 00:44:54.531  INFO 31024 --- [pool-3-thread-1] o.a.o.service.alert.CpuAlertService      : 当前 CPU 正常，使用率：6.34%
2025-04-18 00:44:58.598  INFO 31024 --- [pool-3-thread-1] o.a.o.service.alert.CpuAlertService      : 当前 CPU 正常，使用率：5.19%
2025-04-18 00:45:02.637  INFO 31024 --- [pool-3-thread-1] o.a.o.service.alert.CpuAlertService      : 当前 CPU 正常，使用率：7.60%
2025-04-18 00:45:06.718  INFO 31024 --- [pool-3-thread-1] o.a.o.service.alert.CpuAlertService      : 当前 CPU 正常，使用率：3.32%
2025-04-18 00:45:10.770  INFO 31024 --- [pool-3-thread-1] o.a.o.service.alert.CpuAlertService      : 当前 CPU 正常，使用率：3.93%
2025-04-18 00:45:14.814  INFO 31024 --- [pool-3-thread-1] o.a.o.service.alert.CpuAlertService      : 当前 CPU 正常，使用率：5.34%
2025-04-18 00:45:18.848  INFO 31024 --- [pool-3-thread-2] o.a.o.service.alert.CpuAlertService      : 当前 CPU 正常，使用率：3.95%
2025-04-18 00:45:22.899  INFO 31024 --- [pool-3-thread-2] o.a.o.service.alert.CpuAlertService      : 当前 CPU 正常，使用率：7.33%
2025-04-18 00:45:26.968  INFO 31024 --- [pool-3-thread-2] o.a.o.service.alert.CpuAlertService      : 当前 CPU 正常，使用率：5.58%
2025-04-18 00:45:31.014  INFO 31024 --- [pool-3-thread-2] o.a.o.service.alert.CpuAlertService      : 当前 CPU 正常，使用率：5.67%
2025-04-18 00:45:35.085  INFO 31024 --- [pool-3-thread-2] o.a.o.service.alert.CpuAlertService      : 当前 CPU 正常，使用率：4.63%
2025-04-18 00:45:39.120  INFO 31024 --- [pool-3-thread-2] o.a.o.service.alert.CpuAlertService      : 当前 CPU 正常，使用率：4.59%
2025-04-18 00:45:43.179  INFO 31024 --- [pool-3-thread-2] o.a.o.service.alert.CpuAlertService      : 当前 CPU 正常，使用率：2.69%
2025-04-18 00:45:47.214  INFO 31024 --- [pool-3-thread-2] o.a.o.service.alert.CpuAlertService      : 当前 CPU 正常，使用率：4.29%
2025-04-18 00:45:51.280  INFO 31024 --- [pool-3-thread-2] o.a.o.service.alert.CpuAlertService      : 当前 CPU 正常，使用率：4.24%
2025-04-18 00:45:55.335  INFO 31024 --- [pool-3-thread-2] o.a.o.service.alert.CpuAlertService      : 当前 CPU 正常，使用率：4.04%
2025-04-18 00:45:59.374  INFO 31024 --- [pool-3-thread-2] o.a.o.service.alert.CpuAlertService      : 当前 CPU 正常，使用率：4.01%
2025-04-18 00:46:03.414  INFO 31024 --- [pool-3-thread-2] o.a.o.service.alert.CpuAlertService      : 当前 CPU 正常，使用率：4.47%
2025-04-18 00:46:07.469  INFO 31024 --- [pool-3-thread-2] o.a.o.service.alert.CpuAlertService      : 当前 CPU 正常，使用率：4.87%
2025-04-18 00:46:11.526  INFO 31024 --- [pool-3-thread-2] o.a.o.service.alert.CpuAlertService      : 当前 CPU 正常，使用率：4.60%
2025-04-18 00:46:15.574  INFO 31024 --- [pool-3-thread-2] o.a.o.service.alert.CpuAlertService      : 当前 CPU 正常，使用率：3.85%
2025-04-18 00:46:19.629  INFO 31024 --- [pool-3-thread-2] o.a.o.service.alert.CpuAlertService      : 当前 CPU 正常，使用率：3.95%
2025-04-18 00:46:23.675  INFO 31024 --- [pool-3-thread-2] o.a.o.service.alert.CpuAlertService      : 当前 CPU 正常，使用率：5.67%
2025-04-18 00:46:27.714  INFO 31024 --- [pool-3-thread-2] o.a.o.service.alert.CpuAlertService      : 当前 CPU 正常，使用率：5.56%
2025-04-18 00:46:31.759  INFO 31024 --- [pool-3-thread-2] o.a.o.service.alert.CpuAlertService      : 当前 CPU 正常，使用率：5.53%
2025-04-18 00:46:35.801  INFO 31024 --- [pool-3-thread-2] o.a.o.service.alert.CpuAlertService      : 当前 CPU 正常，使用率：2.68%
2025-04-18 00:46:39.849  INFO 31024 --- [pool-3-thread-2] o.a.o.service.alert.CpuAlertService      : 当前 CPU 正常，使用率：4.24%
2025-04-18 00:46:43.887  INFO 31024 --- [pool-3-thread-2] o.a.o.service.alert.CpuAlertService      : 当前 CPU 正常，使用率：4.57%
2025-04-18 00:46:47.928  INFO 31024 --- [pool-3-thread-2] o.a.o.service.alert.CpuAlertService      : 当前 CPU 正常，使用率：3.81%
2025-04-18 00:46:51.959  INFO 31024 --- [pool-3-thread-2] o.a.o.service.alert.CpuAlertService      : 当前 CPU 正常，使用率：4.21%
2025-04-18 00:46:56.015  INFO 31024 --- [pool-3-thread-2] o.a.o.service.alert.CpuAlertService      : 当前 CPU 正常，使用率：5.11%
2025-04-18 00:47:00.062  INFO 31024 --- [pool-3-thread-2] o.a.o.service.alert.CpuAlertService      : 当前 CPU 正常，使用率：6.11%
2025-04-18 00:47:04.131  INFO 31024 --- [pool-3-thread-2] o.a.o.service.alert.CpuAlertService      : 当前 CPU 正常，使用率：10.75%
2025-04-18 00:47:08.205  INFO 31024 --- [pool-3-thread-2] o.a.o.service.alert.CpuAlertService      : 当前 CPU 正常，使用率：6.95%
2025-04-18 00:47:12.261  INFO 31024 --- [pool-3-thread-2] o.a.o.service.alert.CpuAlertService      : 当前 CPU 正常，使用率：3.95%
2025-04-18 00:47:16.304  INFO 31024 --- [pool-3-thread-2] o.a.o.service.alert.CpuAlertService      : 当前 CPU 正常，使用率：3.22%
2025-04-18 00:47:20.361  INFO 31024 --- [pool-3-thread-2] o.a.o.service.alert.CpuAlertService      : 当前 CPU 正常，使用率：5.50%
2025-04-18 00:47:24.415  INFO 31024 --- [pool-3-thread-2] o.a.o.service.alert.CpuAlertService      : 当前 CPU 正常，使用率：5.57%
2025-04-18 00:47:28.479  INFO 31024 --- [pool-3-thread-2] o.a.o.service.alert.CpuAlertService      : 当前 CPU 正常，使用率：5.50%
2025-04-18 00:47:32.524  INFO 31024 --- [pool-3-thread-2] o.a.o.service.alert.CpuAlertService      : 当前 CPU 正常，使用率：4.24%
2025-04-18 00:47:36.578  INFO 31024 --- [pool-3-thread-2] o.a.o.service.alert.CpuAlertService      : 当前 CPU 正常，使用率：3.71%
2025-04-18 00:47:40.619  INFO 31024 --- [pool-3-thread-2] o.a.o.service.alert.CpuAlertService      : 当前 CPU 正常，使用率：5.78%
2025-04-18 00:47:44.675  INFO 31024 --- [pool-3-thread-2] o.a.o.service.alert.CpuAlertService      : 当前 CPU 正常，使用率：3.36%
2025-04-18 00:47:48.729  INFO 31024 --- [pool-3-thread-2] o.a.o.service.alert.CpuAlertService      : 当前 CPU 正常，使用率：3.98%
2025-04-18 00:47:52.785  INFO 31024 --- [pool-3-thread-2] o.a.o.service.alert.CpuAlertService      : 当前 CPU 正常，使用率：3.56%
2025-04-18 00:47:56.842  INFO 31024 --- [pool-3-thread-2] o.a.o.service.alert.CpuAlertService      : 当前 CPU 正常，使用率：4.04%
2025-04-18 00:48:00.896  INFO 31024 --- [pool-3-thread-2] o.a.o.service.alert.CpuAlertService      : 当前 CPU 正常，使用率：5.67%
2025-04-18 00:48:04.954  INFO 31024 --- [pool-3-thread-2] o.a.o.service.alert.CpuAlertService      : 当前 CPU 正常，使用率：4.67%
2025-04-18 00:48:09.012  INFO 31024 --- [pool-3-thread-2] o.a.o.service.alert.CpuAlertService      : 当前 CPU 正常，使用率：4.62%
2025-04-18 00:48:13.057  INFO 31024 --- [pool-3-thread-2] o.a.o.service.alert.CpuAlertService      : 当前 CPU 正常，使用率：5.52%
2025-04-18 00:48:17.102  INFO 31024 --- [pool-3-thread-2] o.a.o.service.alert.CpuAlertService      : 当前 CPU 正常，使用率：5.30%
2025-04-18 00:48:21.161  INFO 31024 --- [pool-3-thread-2] o.a.o.service.alert.CpuAlertService      : 当前 CPU 正常，使用率：4.99%
2025-04-18 00:48:25.204  INFO 31024 --- [pool-3-thread-2] o.a.o.service.alert.CpuAlertService      : 当前 CPU 正常，使用率：2.68%
2025-04-18 00:48:29.248  INFO 31024 --- [pool-3-thread-2] o.a.o.service.alert.CpuAlertService      : 当前 CPU 正常，使用率：5.51%
2025-04-18 00:48:33.301  INFO 31024 --- [pool-3-thread-2] o.a.o.service.alert.CpuAlertService      : 当前 CPU 正常，使用率：4.04%
2025-04-18 00:48:37.357  INFO 31024 --- [pool-3-thread-2] o.a.o.service.alert.CpuAlertService      : 当前 CPU 正常，使用率：4.90%
2025-04-18 00:48:41.415  INFO 31024 --- [pool-3-thread-2] o.a.o.service.alert.CpuAlertService      : 当前 CPU 正常，使用率：4.81%
2025-04-18 00:48:45.478  INFO 31024 --- [pool-3-thread-2] o.a.o.service.alert.CpuAlertService      : 当前 CPU 正常，使用率：5.57%
2025-04-18 00:48:49.522  INFO 31024 --- [pool-3-thread-2] o.a.o.service.alert.CpuAlertService      : 当前 CPU 正常，使用率：5.50%
2025-04-18 00:48:53.564  INFO 31024 --- [pool-3-thread-2] o.a.o.service.alert.CpuAlertService      : 当前 CPU 正常，使用率：5.12%
2025-04-18 00:48:57.633  INFO 31024 --- [pool-3-thread-2] o.a.o.service.alert.CpuAlertService      : 当前 CPU 正常，使用率：4.98%
2025-04-18 00:49:01.682  INFO 31024 --- [pool-3-thread-2] o.a.o.service.alert.CpuAlertService      : 当前 CPU 正常，使用率：6.45%
2025-04-18 00:49:05.734  INFO 31024 --- [pool-3-thread-2] o.a.o.service.alert.CpuAlertService      : 当前 CPU 正常，使用率：9.64%
2025-04-18 00:49:09.295  INFO 31024 --- [http-nio-9090-exec-1] o.a.c.c.C.[Tomcat].[localhost].[/]       : Initializing Spring DispatcherServlet 'dispatcherServlet'
2025-04-18 00:49:09.295  INFO 31024 --- [http-nio-9090-exec-1] o.s.web.servlet.DispatcherServlet        : Initializing Servlet 'dispatcherServlet'
2025-04-18 00:49:09.296  INFO 31024 --- [http-nio-9090-exec-1] o.s.web.servlet.DispatcherServlet        : Completed initialization in 1 ms
2025-04-18 00:49:09.366  INFO 31024 --- [http-nio-9090-exec-1] o.a.o.service.alert.CpuAlertService      : 服务启动成功，系统监控已就绪。
2025-04-18 00:49:09.803  INFO 31024 --- [pool-3-thread-2] o.a.o.service.alert.CpuAlertService      : 当前 CPU 正常，使用率：4.15%
2025-04-18 00:49:13.866  INFO 31024 --- [pool-3-thread-2] o.a.o.service.alert.CpuAlertService      : 当前 CPU 正常，使用率：7.30%
2025-04-18 00:49:17.916  INFO 31024 --- [pool-3-thread-2] o.a.o.service.alert.CpuAlertService      : 当前 CPU 正常，使用率：4.79%
2025-04-18 00:49:21.971  INFO 31024 --- [pool-3-thread-2] o.a.o.service.alert.CpuAlertService      : 当前 CPU 正常，使用率：6.44%
2025-04-18 00:49:26.068  INFO 31024 --- [pool-3-thread-2] o.a.o.service.alert.CpuAlertService      : 当前 CPU 正常，使用率：3.62%
2025-04-18 00:49:30.135  INFO 31024 --- [pool-3-thread-2] o.a.o.service.alert.CpuAlertService      : 当前 CPU 正常，使用率：4.71%
2025-04-18 00:49:34.221  INFO 31024 --- [pool-3-thread-2] o.a.o.service.alert.CpuAlertService      : 当前 CPU 正常，使用率：6.74%
2025-04-18 00:49:38.283  INFO 31024 --- [pool-3-thread-2] o.a.o.service.alert.CpuAlertService      : 当前 CPU 正常，使用率：5.66%
2025-04-18 00:49:42.345  INFO 31024 --- [pool-3-thread-2] o.a.o.service.alert.CpuAlertService      : 当前 CPU 正常，使用率：4.69%
2025-04-18 00:49:46.405  INFO 31024 --- [pool-3-thread-2] o.a.o.service.alert.CpuAlertService      : 当前 CPU 正常，使用率：4.50%
2025-04-18 00:49:50.458  INFO 31024 --- [pool-3-thread-2] o.a.o.service.alert.CpuAlertService      : 当前 CPU 正常，使用率：5.08%
2025-04-18 00:49:54.509  INFO 31024 --- [pool-3-thread-2] o.a.o.service.alert.CpuAlertService      : 当前 CPU 正常，使用率：5.56%
2025-04-18 00:49:58.564  INFO 31024 --- [pool-3-thread-2] o.a.o.service.alert.CpuAlertService      : 当前 CPU 正常，使用率：4.51%
2025-04-18 00:50:02.624  INFO 31024 --- [pool-3-thread-2] o.a.o.service.alert.CpuAlertService      : 当前 CPU 正常，使用率：4.24%
2025-04-18 00:50:06.676  INFO 31024 --- [pool-3-thread-2] o.a.o.service.alert.CpuAlertService      : 当前 CPU 正常，使用率：5.66%
2025-04-18 00:50:10.751  INFO 31024 --- [pool-3-thread-2] o.a.o.service.alert.CpuAlertService      : 当前 CPU 正常，使用率：6.26%
2025-04-18 00:50:14.803  INFO 31024 --- [pool-3-thread-2] o.a.o.service.alert.CpuAlertService      : 当前 CPU 正常，使用率：3.35%
2025-04-18 00:50:18.833  INFO 31024 --- [pool-3-thread-2] o.a.o.service.alert.CpuAlertService      : 当前 CPU 正常，使用率：6.98%
2025-04-18 00:50:22.880  INFO 31024 --- [pool-3-thread-2] o.a.o.service.alert.CpuAlertService      : 当前 CPU 正常，使用率：5.58%
2025-04-18 01:02:02.798  INFO 56688 --- [main] o.a.o.OShiMonitorAppApplication          : Starting OShiMonitorAppApplication using Java 17.0.10 on PonyWhite with PID 56688 (D:\JAVA\oshi-monitor-app\target\classes started by Pony White in D:\JAVA\oshi-monitor-app)
2025-04-18 01:02:02.800  INFO 56688 --- [main] o.a.o.OShiMonitorAppApplication          : No active profile set, falling back to 1 default profile: "default"
2025-04-18 01:02:03.472  INFO 56688 --- [main] o.s.b.w.embedded.tomcat.TomcatWebServer  : Tomcat initialized with port(s): 9090 (http)
2025-04-18 01:02:03.483  INFO 56688 --- [main] o.apache.catalina.core.StandardService   : Starting service [Tomcat]
2025-04-18 01:02:03.484  INFO 56688 --- [main] org.apache.catalina.core.StandardEngine  : Starting Servlet engine: [Apache Tomcat/9.0.83]
2025-04-18 01:02:03.560  INFO 56688 --- [main] o.a.c.c.C.[Tomcat].[localhost].[/]       : Initializing Spring embedded WebApplicationContext
2025-04-18 01:02:03.560  INFO 56688 --- [main] w.s.c.ServletWebServerApplicationContext : Root WebApplicationContext: initialization completed in 720 ms
2025-04-18 01:02:04.098  WARN 56688 --- [main] ConfigServletWebServerApplicationContext : Exception encountered during context initialization - cancelling refresh attempt: org.springframework.context.ApplicationContextException: Failed to start bean 'webServerStartStop'; nested exception is org.springframework.boot.web.server.PortInUseException: Port 9090 is already in use
2025-04-18 01:02:04.102  INFO 56688 --- [main] o.apache.catalina.core.StandardService   : Stopping service [Tomcat]
2025-04-18 01:02:04.112  INFO 56688 --- [main] ConditionEvaluationReportLoggingListener : 

Error starting ApplicationContext. To display the conditions report re-run your application with 'debug' enabled.
2025-04-18 01:02:04.125 ERROR 56688 --- [main] o.s.b.d.LoggingFailureAnalysisReporter   : 

***************************
APPLICATION FAILED TO START
***************************

Description:

Web server failed to start. Port 9090 was already in use.

Action:

Identify and stop the process that's listening on port 9090 or configure this application to listen on another port.

2025-04-18 01:02:08.105  INFO 56688 --- [pool-2-thread-1] o.a.o.service.alert.CpuAlertService      : 当前 CPU 正常，使用率：3.85%
2025-04-18 01:02:12.160  INFO 56688 --- [pool-2-thread-1] o.a.o.service.alert.CpuAlertService      : 当前 CPU 正常，使用率：8.57%
2025-04-18 01:02:16.211  INFO 56688 --- [pool-2-thread-1] o.a.o.service.alert.CpuAlertService      : 当前 CPU 正常，使用率：3.17%
2025-04-18 01:02:20.260  INFO 56688 --- [pool-2-thread-1] o.a.o.service.alert.CpuAlertService      : 当前 CPU 正常，使用率：5.86%
2025-04-18 01:02:24.323  INFO 56688 --- [pool-2-thread-1] o.a.o.service.alert.CpuAlertService      : 当前 CPU 正常，使用率：5.56%
2025-04-18 01:02:28.361  INFO 56688 --- [pool-2-thread-1] o.a.o.service.alert.CpuAlertService      : 当前 CPU 正常，使用率：5.48%
2025-04-18 01:02:32.409  INFO 56688 --- [pool-2-thread-1] o.a.o.service.alert.CpuAlertService      : 当前 CPU 正常，使用率：5.58%
2025-04-18 01:02:36.463  INFO 56688 --- [pool-2-thread-1] o.a.o.service.alert.CpuAlertService      : 当前 CPU 正常，使用率：7.12%
2025-04-18 01:02:40.510  INFO 56688 --- [pool-2-thread-1] o.a.o.service.alert.CpuAlertService      : 当前 CPU 正常，使用率：4.78%
2025-04-18 01:02:44.565  INFO 56688 --- [pool-2-thread-1] o.a.o.service.alert.CpuAlertService      : 当前 CPU 正常，使用率：4.81%
2025-04-18 01:02:54.953  INFO 56876 --- [main] o.a.o.OShiMonitorAppApplication          : Starting OShiMonitorAppApplication using Java 17.0.10 on PonyWhite with PID 56876 (D:\JAVA\oshi-monitor-app\target\classes started by Pony White in D:\JAVA\oshi-monitor-app)
2025-04-18 01:02:54.956  INFO 56876 --- [main] o.a.o.OShiMonitorAppApplication          : No active profile set, falling back to 1 default profile: "default"
2025-04-18 01:02:55.637  INFO 56876 --- [main] o.s.b.w.embedded.tomcat.TomcatWebServer  : Tomcat initialized with port(s): 9090 (http)
2025-04-18 01:02:55.644  INFO 56876 --- [main] o.apache.catalina.core.StandardService   : Starting service [Tomcat]
2025-04-18 01:02:55.644  INFO 56876 --- [main] org.apache.catalina.core.StandardEngine  : Starting Servlet engine: [Apache Tomcat/9.0.83]
2025-04-18 01:02:55.715  INFO 56876 --- [main] o.a.c.c.C.[Tomcat].[localhost].[/]       : Initializing Spring embedded WebApplicationContext
2025-04-18 01:02:55.716  INFO 56876 --- [main] w.s.c.ServletWebServerApplicationContext : Root WebApplicationContext: initialization completed in 716 ms
2025-04-18 01:02:56.213  WARN 56876 --- [main] ConfigServletWebServerApplicationContext : Exception encountered during context initialization - cancelling refresh attempt: org.springframework.context.ApplicationContextException: Failed to start bean 'webServerStartStop'; nested exception is org.springframework.boot.web.server.PortInUseException: Port 9090 is already in use
2025-04-18 01:02:56.216  INFO 56876 --- [main] o.apache.catalina.core.StandardService   : Stopping service [Tomcat]
2025-04-18 01:02:56.225  INFO 56876 --- [main] ConditionEvaluationReportLoggingListener : 

Error starting ApplicationContext. To display the conditions report re-run your application with 'debug' enabled.
2025-04-18 01:02:56.238 ERROR 56876 --- [main] o.s.b.d.LoggingFailureAnalysisReporter   : 

***************************
APPLICATION FAILED TO START
***************************

Description:

Web server failed to start. Port 9090 was already in use.

Action:

Identify and stop the process that's listening on port 9090 or configure this application to listen on another port.

2025-04-18 01:03:00.216  INFO 56876 --- [pool-2-thread-1] o.a.o.service.alert.CpuAlertService      : 当前 CPU 正常，使用率：5.19%
2025-04-18 01:03:04.269  INFO 56876 --- [pool-2-thread-1] o.a.o.service.alert.CpuAlertService      : 当前 CPU 正常，使用率：2.99%
2025-04-18 01:03:08.308  INFO 56876 --- [pool-2-thread-1] o.a.o.service.alert.CpuAlertService      : 当前 CPU 正常，使用率：4.58%
2025-04-18 01:03:12.367  INFO 56876 --- [pool-2-thread-1] o.a.o.service.alert.CpuAlertService      : 当前 CPU 正常，使用率：5.28%
2025-04-18 01:03:16.445  INFO 56876 --- [pool-2-thread-1] o.a.o.service.alert.CpuAlertService      : 当前 CPU 正常，使用率：4.32%
2025-04-18 01:03:20.518  INFO 56876 --- [pool-2-thread-1] o.a.o.service.alert.CpuAlertService      : 当前 CPU 正常，使用率：5.01%
2025-04-18 01:03:24.643  INFO 56876 --- [pool-2-thread-1] o.a.o.service.alert.CpuAlertService      : 当前 CPU 正常，使用率：9.23%
2025-04-18 01:03:28.711  INFO 56876 --- [pool-2-thread-1] o.a.o.service.alert.CpuAlertService      : 当前 CPU 正常，使用率：8.16%
2025-04-18 01:03:32.774  INFO 56876 --- [pool-2-thread-1] o.a.o.service.alert.CpuAlertService      : 当前 CPU 正常，使用率：9.66%
2025-04-18 01:03:36.843  INFO 56876 --- [pool-2-thread-1] o.a.o.service.alert.CpuAlertService      : 当前 CPU 正常，使用率：3.85%
2025-04-18 01:03:40.912  INFO 56876 --- [pool-2-thread-1] o.a.o.service.alert.CpuAlertService      : 当前 CPU 正常，使用率：4.23%
2025-04-18 01:03:44.962  INFO 56876 --- [pool-2-thread-1] o.a.o.service.alert.CpuAlertService      : 当前 CPU 正常，使用率：6.36%
2025-04-18 01:03:49.022  INFO 56876 --- [pool-2-thread-1] o.a.o.service.alert.CpuAlertService      : 当前 CPU 正常，使用率：4.53%
2025-04-18 01:03:53.085  INFO 56876 --- [pool-2-thread-1] o.a.o.service.alert.CpuAlertService      : 当前 CPU 正常，使用率：5.68%
2025-04-18 01:03:57.154  INFO 56876 --- [pool-2-thread-1] o.a.o.service.alert.CpuAlertService      : 当前 CPU 正常，使用率：3.95%
2025-04-18 01:04:01.223  INFO 56876 --- [pool-2-thread-1] o.a.o.service.alert.CpuAlertService      : 当前 CPU 正常，使用率：9.23%
2025-04-18 01:04:05.281  INFO 56876 --- [pool-2-thread-1] o.a.o.service.alert.CpuAlertService      : 当前 CPU 正常，使用率：6.06%
2025-04-18 01:04:09.339  INFO 56876 --- [pool-2-thread-1] o.a.o.service.alert.CpuAlertService      : 当前 CPU 正常，使用率：4.38%
2025-04-18 01:05:46.383  INFO 9632 --- [main] o.a.o.OShiMonitorAppApplication          : Starting OShiMonitorAppApplication using Java 17.0.10 on PonyWhite with PID 9632 (D:\JAVA\oshi-monitor-app\target\classes started by Pony White in D:\JAVA\oshi-monitor-app)
2025-04-18 01:05:46.385  INFO 9632 --- [main] o.a.o.OShiMonitorAppApplication          : No active profile set, falling back to 1 default profile: "default"
2025-04-18 01:05:47.061  INFO 9632 --- [main] o.s.b.w.embedded.tomcat.TomcatWebServer  : Tomcat initialized with port(s): 9091 (http)
2025-04-18 01:05:47.068  INFO 9632 --- [main] o.apache.catalina.core.StandardService   : Starting service [Tomcat]
2025-04-18 01:05:47.069  INFO 9632 --- [main] org.apache.catalina.core.StandardEngine  : Starting Servlet engine: [Apache Tomcat/9.0.83]
2025-04-18 01:05:47.137  INFO 9632 --- [main] o.a.c.c.C.[Tomcat].[localhost].[/]       : Initializing Spring embedded WebApplicationContext
2025-04-18 01:05:47.137  INFO 9632 --- [main] w.s.c.ServletWebServerApplicationContext : Root WebApplicationContext: initialization completed in 718 ms
2025-04-18 01:05:47.617  INFO 9632 --- [main] o.s.b.w.embedded.tomcat.TomcatWebServer  : Tomcat started on port(s): 9091 (http) with context path ''
2025-04-18 01:05:47.627  INFO 9632 --- [main] o.a.o.OShiMonitorAppApplication          : Started OShiMonitorAppApplication in 1.54 seconds (JVM running for 2.13)
2025-04-18 01:05:51.641  INFO 9632 --- [pool-2-thread-1] o.a.o.service.alert.CpuAlertService      : 当前 CPU 正常，使用率：6.90%
2025-04-18 01:05:55.697  INFO 9632 --- [pool-2-thread-1] o.a.o.service.alert.CpuAlertService      : 当前 CPU 正常，使用率：5.09%
2025-04-18 01:05:59.743  INFO 9632 --- [pool-2-thread-1] o.a.o.service.alert.CpuAlertService      : 当前 CPU 正常，使用率：4.13%
2025-04-18 01:06:02.388  INFO 9632 --- [http-nio-9091-exec-1] o.a.c.c.C.[Tomcat].[localhost].[/]       : Initializing Spring DispatcherServlet 'dispatcherServlet'
2025-04-18 01:06:02.388  INFO 9632 --- [http-nio-9091-exec-1] o.s.web.servlet.DispatcherServlet        : Initializing Servlet 'dispatcherServlet'
2025-04-18 01:06:02.389  INFO 9632 --- [http-nio-9091-exec-1] o.s.web.servlet.DispatcherServlet        : Completed initialization in 1 ms
2025-04-18 01:06:02.437  INFO 9632 --- [http-nio-9091-exec-1] o.a.o.service.alert.CpuAlertService      : 服务启动成功，系统监控已就绪。
2025-04-18 01:06:03.792  INFO 9632 --- [pool-2-thread-1] o.a.o.service.alert.CpuAlertService      : 当前 CPU 正常，使用率：3.22%
2025-04-18 01:06:07.844  INFO 9632 --- [pool-2-thread-1] o.a.o.service.alert.CpuAlertService      : 当前 CPU 正常，使用率：3.83%
2025-04-18 01:06:11.900  INFO 9632 --- [pool-2-thread-1] o.a.o.service.alert.CpuAlertService      : 当前 CPU 正常，使用率：4.29%
2025-04-18 01:06:15.936  INFO 9632 --- [pool-2-thread-1] o.a.o.service.alert.CpuAlertService      : 当前 CPU 正常，使用率：4.59%
2025-04-18 01:06:19.987  INFO 9632 --- [pool-2-thread-1] o.a.o.service.alert.CpuAlertService      : 当前 CPU 正常，使用率：6.06%
2025-04-18 01:06:24.047  INFO 9632 --- [pool-2-thread-1] o.a.o.service.alert.CpuAlertService      : 当前 CPU 正常，使用率：6.71%
2025-04-18 01:06:28.094  INFO 9632 --- [pool-2-thread-1] o.a.o.service.alert.CpuAlertService      : 当前 CPU 正常，使用率：7.41%
2025-04-18 01:06:32.155  INFO 9632 --- [pool-2-thread-1] o.a.o.service.alert.CpuAlertService      : 当前 CPU 正常，使用率：3.75%
2025-04-18 01:06:36.208  INFO 9632 --- [pool-2-thread-1] o.a.o.service.alert.CpuAlertService      : 当前 CPU 正常，使用率：4.13%
2025-04-18 01:06:40.261  INFO 9632 --- [pool-2-thread-1] o.a.o.service.alert.CpuAlertService      : 当前 CPU 正常，使用率：8.58%
2025-04-18 01:06:44.316  INFO 9632 --- [pool-2-thread-1] o.a.o.service.alert.CpuAlertService      : 当前 CPU 正常，使用率：4.33%
2025-04-18 01:06:48.362  INFO 9632 --- [pool-2-thread-1] o.a.o.service.alert.CpuAlertService      : 当前 CPU 正常，使用率：6.81%
2025-04-18 01:06:52.415  INFO 9632 --- [pool-2-thread-1] o.a.o.service.alert.CpuAlertService      : 当前 CPU 正常，使用率：7.99%
2025-04-18 01:06:56.474  INFO 9632 --- [pool-2-thread-1] o.a.o.service.alert.CpuAlertService      : 当前 CPU 正常，使用率：5.40%
2025-04-18 01:07:00.530  INFO 9632 --- [pool-2-thread-1] o.a.o.service.alert.CpuAlertService      : 当前 CPU 正常，使用率：4.94%
2025-04-18 01:07:04.585  INFO 9632 --- [pool-2-thread-1] o.a.o.service.alert.CpuAlertService      : 当前 CPU 正常，使用率：4.53%
2025-04-18 01:07:08.646  INFO 9632 --- [pool-2-thread-1] o.a.o.service.alert.CpuAlertService      : 当前 CPU 正常，使用率：4.40%
2025-04-18 01:07:12.692  INFO 9632 --- [pool-2-thread-1] o.a.o.service.alert.CpuAlertService      : 当前 CPU 正常，使用率：5.67%
2025-04-18 01:07:16.750  INFO 9632 --- [pool-2-thread-1] o.a.o.service.alert.CpuAlertService      : 当前 CPU 正常，使用率：4.82%
2025-04-18 01:07:20.798  INFO 9632 --- [pool-2-thread-1] o.a.o.service.alert.CpuAlertService      : 当前 CPU 正常，使用率：5.85%
2025-04-18 01:07:24.851  INFO 9632 --- [pool-2-thread-1] o.a.o.service.alert.CpuAlertService      : 当前 CPU 正常，使用率：5.46%
2025-04-18 01:07:32.144  INFO 58172 --- [main] o.a.o.OShiMonitorAppApplication          : Starting OShiMonitorAppApplication using Java 17.0.10 on PonyWhite with PID 58172 (D:\JAVA\oshi-monitor-app\target\classes started by Pony White in D:\JAVA\oshi-monitor-app)
2025-04-18 01:07:32.148  INFO 58172 --- [main] o.a.o.OShiMonitorAppApplication          : No active profile set, falling back to 1 default profile: "default"
2025-04-18 01:07:32.830  INFO 58172 --- [main] o.s.b.w.embedded.tomcat.TomcatWebServer  : Tomcat initialized with port(s): 9091 (http)
2025-04-18 01:07:32.837  INFO 58172 --- [main] o.apache.catalina.core.StandardService   : Starting service [Tomcat]
2025-04-18 01:07:32.837  INFO 58172 --- [main] org.apache.catalina.core.StandardEngine  : Starting Servlet engine: [Apache Tomcat/9.0.83]
2025-04-18 01:07:32.909  INFO 58172 --- [main] o.a.c.c.C.[Tomcat].[localhost].[/]       : Initializing Spring embedded WebApplicationContext
2025-04-18 01:07:32.909  INFO 58172 --- [main] w.s.c.ServletWebServerApplicationContext : Root WebApplicationContext: initialization completed in 717 ms
2025-04-18 01:07:33.400  INFO 58172 --- [main] o.s.b.w.embedded.tomcat.TomcatWebServer  : Tomcat started on port(s): 9091 (http) with context path ''
2025-04-18 01:07:33.410  INFO 58172 --- [main] o.a.o.OShiMonitorAppApplication          : Started OShiMonitorAppApplication in 1.59 seconds (JVM running for 2.248)
2025-04-18 01:07:37.398  INFO 58172 --- [pool-2-thread-1] o.a.o.service.alert.CpuAlertService      : 当前 CPU 正常，使用率：3.92%
2025-04-18 01:07:41.447  INFO 58172 --- [pool-2-thread-1] o.a.o.service.alert.CpuAlertService      : 当前 CPU 正常，使用率：5.46%
2025-04-18 01:07:45.495  INFO 58172 --- [pool-2-thread-1] o.a.o.service.alert.CpuAlertService      : 当前 CPU 正常，使用率：4.41%
2025-04-18 01:07:49.547  INFO 58172 --- [pool-2-thread-1] o.a.o.service.alert.CpuAlertService      : 当前 CPU 正常，使用率：6.74%
2025-04-18 01:07:53.591  INFO 58172 --- [pool-2-thread-1] o.a.o.service.alert.CpuAlertService      : 当前 CPU 正常，使用率：4.14%
2025-04-18 01:07:57.639  INFO 58172 --- [pool-2-thread-1] o.a.o.service.alert.CpuAlertService      : 当前 CPU 正常，使用率：4.29%
2025-04-18 01:07:57.923  INFO 58172 --- [http-nio-9091-exec-1] o.a.c.c.C.[Tomcat].[localhost].[/]       : Initializing Spring DispatcherServlet 'dispatcherServlet'
2025-04-18 01:07:57.923  INFO 58172 --- [http-nio-9091-exec-1] o.s.web.servlet.DispatcherServlet        : Initializing Servlet 'dispatcherServlet'
2025-04-18 01:07:57.924  INFO 58172 --- [http-nio-9091-exec-1] o.s.web.servlet.DispatcherServlet        : Completed initialization in 1 ms
2025-04-18 01:07:57.987  INFO 58172 --- [http-nio-9091-exec-1] o.a.o.service.alert.CpuAlertService      : 服务启动成功，系统监控已就绪。
2025-04-18 01:08:01.684  INFO 58172 --- [pool-2-thread-1] o.a.o.service.alert.CpuAlertService      : 当前 CPU 正常，使用率：6.33%
2025-04-18 01:08:05.726  INFO 58172 --- [pool-2-thread-1] o.a.o.service.alert.CpuAlertService      : 当前 CPU 正常，使用率：6.54%
